<?xml version="1.0" encoding="UTF-8"?>
<!-- Generated by org.testng.reporters.JUnitXMLReporter -->
<testsuite ignored="6" hostname="LTIN282895" failures="0" tests="5" name="ChromeTest" time="126.537" errors="0" timestamp="2024-03-03T15:50:40 IST">
  <testcase classname="TestCase.TestCase1_UpcomingBikeDetails" name="clickNewBikes" time="17.96"/>
  <testcase classname="TestCase.TestCase1_UpcomingBikeDetails" name="clickUpcomingBikes" time="27.993"/>
  <testcase classname="TestCase.TestCase2_UsedCarsDetails" name="UsedCarDetails" time="29.513"/>
  <testcase classname="TestCase.TestCase3_GoogleLogin" name="verifyLoginPage" time="4.454"/>
  <testcase classname="TestCase.TestCase4_GoogleSignup" name="verifyLoginPage" time="10.871"/>
  <testcase classname="TestBase.BaseClass" name="@BeforeTest invokeBrowser" time="0.0">
    <ignored/>
  </testcase> <!-- @BeforeTest invokeBrowser -->
  <testcase classname="TestBase.BaseClass" name="@BeforeTest invokeBrowser" time="0.0">
    <ignored/>
  </testcase> <!-- @BeforeTest invokeBrowser -->
  <testcase classname="TestBase.BaseClass" name="@AfterTest tearDown" time="0.0">
    <ignored/>
  </testcase> <!-- @AfterTest tearDown -->
  <testcase classname="TestBase.BaseClass" name="@BeforeTest invokeBrowser" time="0.0">
    <ignored/>
  </testcase> <!-- @BeforeTest invokeBrowser -->
  <testcase classname="TestBase.BaseClass" name="@AfterTest tearDown" time="0.0">
    <ignored/>
  </testcase> <!-- @AfterTest tearDown -->
  <testcase classname="TestBase.BaseClass" name="@AfterTest tearDown" time="0.0">
    <ignored/>
  </testcase> <!-- @AfterTest tearDown -->
</testsuite> <!-- ChromeTest -->
