<?xml version="1.0" encoding="UTF-8"?>
<!-- Generated by org.testng.reporters.JUnitXMLReporter -->
<testsuite ignored="6" hostname="LTIN282895" failures="0" tests="9" name="Test2" time="108.117" errors="0" timestamp="2024-02-28T14:55:34 IST">
  <testcase classname="testCases.BeCognizant" name="getInfo" time="37.743"/>
  <testcase classname="testCases.BeCognizant" name="verifyOneCogni" time="10.461"/>
  <testcase classname="testCases.OneCognizant" name="searchTruTime" time="30.602"/>
  <testcase classname="testCases.OneCognizant" name="validateTruTimePage" time="10.167"/>
  <testcase classname="testCases.TruTime" name="validateCurrentMonthAndYear" time="0.096"/>
  <testcase classname="testCases.TruTime" name="validateBackDatedTopUp" time="0.048"/>
  <testcase classname="testCases.TruTime" name="printLegends" time="0.652"/>
  <testcase classname="testCases.TruTime" name="validateCurrentHighlightedDate" time="0.047"/>
  <testcase classname="testCases.TruTime" name="validateTruTimeDates" time="0.161"/>
  <testcase classname="testCases.BaseTest" name="@AfterTest tearDown" time="0.0">
    <ignored/>
  </testcase> <!-- @AfterTest tearDown -->
  <testcase classname="testCases.BaseTest" name="@BeforeTest setup" time="0.0">
    <ignored/>
  </testcase> <!-- @BeforeTest setup -->
  <testcase classname="testCases.BaseTest" name="@BeforeTest setup" time="0.0">
    <ignored/>
  </testcase> <!-- @BeforeTest setup -->
  <testcase classname="testCases.BaseTest" name="@AfterTest tearDown" time="0.0">
    <ignored/>
  </testcase> <!-- @AfterTest tearDown -->
  <testcase classname="testCases.BaseTest" name="@AfterTest tearDown" time="0.0">
    <ignored/>
  </testcase> <!-- @AfterTest tearDown -->
  <testcase classname="testCases.BaseTest" name="@BeforeTest setup" time="0.0">
    <ignored/>
  </testcase> <!-- @BeforeTest setup -->
</testsuite> <!-- Test2 -->
