<?xml version="1.0" encoding="UTF-8"?>
<testng-results ignored="0" total="2" passed="2" failed="0" skipped="0">
  <reporter-output>
  </reporter-output>
  <suite started-at="2024-02-29T11:38:16 IST" name="Suite" finished-at="2024-02-29T11:42:43 IST" duration-ms="267275">
    <groups>
    </groups>
    <test started-at="2024-02-29T11:38:16 IST" name="Test" finished-at="2024-02-29T11:42:43 IST" duration-ms="267275">
      <class name="TestCases.Tc_001_UpComingBikes">
        <test-method is-config="true" signature="setup(java.lang.String)[pri:0, instance:TestCases.Tc_001_UpComingBikes@235834f2]" started-at="2024-02-29T11:38:16 IST" name="setup" finished-at="2024-02-29T11:39:58 IST" duration-ms="101441" status="PASS">
          <params>
            <param index="0">
              <value>
                <![CDATA[chrome]]>
              </value>
            </param>
          </params>
          <reporter-output>
          </reporter-output>
        </test-method> <!-- setup -->
        <test-method signature="manufactorsHonda()[pri:0, instance:TestCases.Tc_001_UpComingBikes@235834f2]" started-at="2024-02-29T11:39:58 IST" name="manufactorsHonda" finished-at="2024-02-29T11:42:30 IST" duration-ms="152020" status="PASS">
          <reporter-output>
          </reporter-output>
        </test-method> <!-- manufactorsHonda -->
        <test-method signature="upComingBikeValidation()[pri:0, instance:TestCases.Tc_001_UpComingBikes@235834f2]" started-at="2024-02-29T11:42:30 IST" name="upComingBikeValidation" finished-at="2024-02-29T11:42:30 IST" duration-ms="148" status="PASS">
          <reporter-output>
          </reporter-output>
        </test-method> <!-- upComingBikeValidation -->
        <test-method is-config="true" signature="flush()[pri:0, instance:TestCases.Tc_001_UpComingBikes@235834f2]" started-at="2024-02-29T11:42:30 IST" name="flush" finished-at="2024-02-29T11:42:43 IST" duration-ms="13510" status="PASS">
          <reporter-output>
          </reporter-output>
        </test-method> <!-- flush -->
      </class> <!-- TestCases.Tc_001_UpComingBikes -->
    </test> <!-- Test -->
  </suite> <!-- Suite -->
</testng-results>
