<?xml version="1.0" encoding="UTF-8"?>
<!-- Generated by org.testng.reporters.JUnitXMLReporter -->
<testsuite ignored="6" hostname="LTIN282895" failures="0" tests="5" name="EdgeTest" time="77.627" errors="0" timestamp="2024-03-19T10:19:15 IST">
  <testcase classname="TestCase.TC001_UpBikeDetails" name="clickNewBikes" time="6.468"/>
  <testcase classname="TestCase.TC001_UpBikeDetails" name="clickUpcomingBikes" time="16.18"/>
  <testcase classname="TestCase.TC002_UsedCarsDetails" name="UsedCarDetails" time="20.137"/>
  <testcase classname="TestCase.TC003_GoogleLogin" name="verifyLoginPage" time="10.901"/>
  <testcase classname="TestCase.TC004_GoogleSignup" name="verifyLoginPage" time="8.064"/>
  <testcase classname="TestBase.BaseClass" name="@BeforeTest invokeBrowser" time="0.0">
    <ignored/>
  </testcase> <!-- @BeforeTest invokeBrowser -->
  <testcase classname="TestBase.BaseClass" name="@AfterTest tearDown" time="0.0">
    <ignored/>
  </testcase> <!-- @AfterTest tearDown -->
  <testcase classname="TestBase.BaseClass" name="@BeforeTest invokeBrowser" time="0.0">
    <ignored/>
  </testcase> <!-- @BeforeTest invokeBrowser -->
  <testcase classname="TestBase.BaseClass" name="@BeforeTest invokeBrowser" time="0.0">
    <ignored/>
  </testcase> <!-- @BeforeTest invokeBrowser -->
  <testcase classname="TestBase.BaseClass" name="@AfterTest tearDown" time="0.0">
    <ignored/>
  </testcase> <!-- @AfterTest tearDown -->
  <testcase classname="TestBase.BaseClass" name="@AfterTest tearDown" time="0.0">
    <ignored/>
  </testcase> <!-- @AfterTest tearDown -->
</testsuite> <!-- EdgeTest -->
