<?xml version="1.0" encoding="UTF-8"?>
<testng-results ignored="0" total="6" passed="6" failed="0" skipped="0">
  <reporter-output>
  </reporter-output>
  <suite started-at="2024-03-01T16:31:46 IST" name="Suite" finished-at="2024-03-01T16:37:01 IST" duration-ms="315418">
    <groups>
    </groups>
    <test started-at="2024-03-01T16:31:46 IST" name="Test1" finished-at="2024-03-01T16:34:39 IST" duration-ms="172972">
      <class name="testCases.TC_003">
        <test-method is-config="true" signature="setup(java.lang.String)[pri:0, instance:testCases.TC_003@7fa98a66]" started-at="2024-03-01T16:34:16 IST" name="setup" finished-at="2024-03-01T16:34:22 IST" duration-ms="6716" status="PASS">
          <params>
            <param index="0">
              <value>
                <![CDATA[chrome]]>
              </value>
            </param>
          </params>
          <reporter-output>
          </reporter-output>
        </test-method> <!-- setup -->
        <test-method signature="test3()[pri:0, instance:testCases.TC_003@7fa98a66]" started-at="2024-03-01T16:34:22 IST" name="test3" finished-at="2024-03-01T16:34:37 IST" duration-ms="14894" status="PASS">
          <reporter-output>
          </reporter-output>
        </test-method> <!-- test3 -->
        <test-method is-config="true" signature="tearDown()[pri:0, instance:testCases.TC_003@7fa98a66]" started-at="2024-03-01T16:34:37 IST" name="tearDown" finished-at="2024-03-01T16:34:39 IST" duration-ms="1491" status="PASS">
          <reporter-output>
          </reporter-output>
        </test-method> <!-- tearDown -->
      </class> <!-- testCases.TC_003 -->
      <class name="testCases.TC_001">
        <test-method is-config="true" signature="setup(java.lang.String)[pri:0, instance:testCases.TC_001@441772e]" started-at="2024-03-01T16:31:46 IST" name="setup" finished-at="2024-03-01T16:32:18 IST" duration-ms="31528" status="PASS">
          <params>
            <param index="0">
              <value>
                <![CDATA[chrome]]>
              </value>
            </param>
          </params>
          <reporter-output>
          </reporter-output>
        </test-method> <!-- setup -->
        <test-method signature="test1()[pri:0, instance:testCases.TC_001@441772e]" started-at="2024-03-01T16:32:18 IST" name="test1" finished-at="2024-03-01T16:33:16 IST" duration-ms="58415" status="PASS">
          <reporter-output>
          </reporter-output>
        </test-method> <!-- test1 -->
        <test-method is-config="true" signature="tearDown()[pri:0, instance:testCases.TC_001@441772e]" started-at="2024-03-01T16:33:16 IST" name="tearDown" finished-at="2024-03-01T16:33:18 IST" duration-ms="1948" status="PASS">
          <reporter-output>
          </reporter-output>
        </test-method> <!-- tearDown -->
      </class> <!-- testCases.TC_001 -->
      <class name="testCases.TC_002">
        <test-method is-config="true" signature="setup(java.lang.String)[pri:0, instance:testCases.TC_002@1a451d4d]" started-at="2024-03-01T16:33:18 IST" name="setup" finished-at="2024-03-01T16:33:50 IST" duration-ms="31441" status="PASS">
          <params>
            <param index="0">
              <value>
                <![CDATA[chrome]]>
              </value>
            </param>
          </params>
          <reporter-output>
          </reporter-output>
        </test-method> <!-- setup -->
        <test-method signature="test2()[pri:0, instance:testCases.TC_002@1a451d4d]" started-at="2024-03-01T16:33:50 IST" name="test2" finished-at="2024-03-01T16:34:14 IST" duration-ms="24571" status="PASS">
          <reporter-output>
          </reporter-output>
        </test-method> <!-- test2 -->
        <test-method is-config="true" signature="tearDown()[pri:0, instance:testCases.TC_002@1a451d4d]" started-at="2024-03-01T16:34:14 IST" name="tearDown" finished-at="2024-03-01T16:34:16 IST" duration-ms="1373" status="PASS">
          <reporter-output>
          </reporter-output>
        </test-method> <!-- tearDown -->
      </class> <!-- testCases.TC_002 -->
    </test> <!-- Test1 -->
    <test started-at="2024-03-01T16:34:39 IST" name="Test2" finished-at="2024-03-01T16:37:01 IST" duration-ms="141830">
      <class name="testCases.TC_003">
        <test-method is-config="true" signature="setup(java.lang.String)[pri:0, instance:testCases.TC_003@79e2c065]" started-at="2024-03-01T16:36:16 IST" name="setup" finished-at="2024-03-01T16:36:46 IST" duration-ms="29663" status="PASS">
          <params>
            <param index="0">
              <value>
                <![CDATA[edge]]>
              </value>
            </param>
          </params>
          <reporter-output>
          </reporter-output>
        </test-method> <!-- setup -->
        <test-method signature="test3()[pri:0, instance:testCases.TC_003@79e2c065]" started-at="2024-03-01T16:36:46 IST" name="test3" finished-at="2024-03-01T16:37:00 IST" duration-ms="14060" status="PASS">
          <reporter-output>
          </reporter-output>
        </test-method> <!-- test3 -->
        <test-method is-config="true" signature="tearDown()[pri:0, instance:testCases.TC_003@79e2c065]" started-at="2024-03-01T16:37:00 IST" name="tearDown" finished-at="2024-03-01T16:37:01 IST" duration-ms="1182" status="PASS">
          <reporter-output>
          </reporter-output>
        </test-method> <!-- tearDown -->
      </class> <!-- testCases.TC_003 -->
      <class name="testCases.TC_001">
        <test-method is-config="true" signature="setup(java.lang.String)[pri:0, instance:testCases.TC_001@38c6f217]" started-at="2024-03-01T16:34:39 IST" name="setup" finished-at="2024-03-01T16:34:48 IST" duration-ms="8261" status="PASS">
          <params>
            <param index="0">
              <value>
                <![CDATA[edge]]>
              </value>
            </param>
          </params>
          <reporter-output>
          </reporter-output>
        </test-method> <!-- setup -->
        <test-method signature="test1()[pri:0, instance:testCases.TC_001@38c6f217]" started-at="2024-03-01T16:34:48 IST" name="test1" finished-at="2024-03-01T16:35:41 IST" duration-ms="53796" status="PASS">
          <reporter-output>
          </reporter-output>
        </test-method> <!-- test1 -->
        <test-method is-config="true" signature="tearDown()[pri:0, instance:testCases.TC_001@38c6f217]" started-at="2024-03-01T16:35:41 IST" name="tearDown" finished-at="2024-03-01T16:35:43 IST" duration-ms="1479" status="PASS">
          <reporter-output>
          </reporter-output>
        </test-method> <!-- tearDown -->
      </class> <!-- testCases.TC_001 -->
      <class name="testCases.TC_002">
        <test-method is-config="true" signature="setup(java.lang.String)[pri:0, instance:testCases.TC_002@478190fc]" started-at="2024-03-01T16:35:43 IST" name="setup" finished-at="2024-03-01T16:35:51 IST" duration-ms="8417" status="PASS">
          <params>
            <param index="0">
              <value>
                <![CDATA[edge]]>
              </value>
            </param>
          </params>
          <reporter-output>
          </reporter-output>
        </test-method> <!-- setup -->
        <test-method signature="test2()[pri:0, instance:testCases.TC_002@478190fc]" started-at="2024-03-01T16:35:51 IST" name="test2" finished-at="2024-03-01T16:36:15 IST" duration-ms="23469" status="PASS">
          <reporter-output>
          </reporter-output>
        </test-method> <!-- test2 -->
        <test-method is-config="true" signature="tearDown()[pri:0, instance:testCases.TC_002@478190fc]" started-at="2024-03-01T16:36:15 IST" name="tearDown" finished-at="2024-03-01T16:36:16 IST" duration-ms="1489" status="PASS">
          <reporter-output>
          </reporter-output>
        </test-method> <!-- tearDown -->
      </class> <!-- testCases.TC_002 -->
    </test> <!-- Test2 -->
  </suite> <!-- Suite -->
</testng-results>
